0 info it worked if it ends with ok
1 verbose cli [ '/usr/local/bin/node',
1 verbose cli   '/usr/local/bin/npm',
1 verbose cli   'install',
1 verbose cli   'angular2' ]
2 info using npm@3.10.10
3 info using node@v6.10.2
4 verbose config Skipping project config: /Users/AdrianaDavila/.npmrc. (matches userconfig)
5 silly loadCurrentTree Starting
6 silly install loadCurrentTree
7 silly install readLocalPackageData
8 silly fetchPackageMetaData angular2
9 silly fetchNamedPackageData angular2
10 silly mapToRegistry name angular2
11 silly mapToRegistry using default registry
12 silly mapToRegistry registry https://registry.npmjs.org/
13 silly mapToRegistry data Result {
13 silly mapToRegistry   raw: 'angular2',
13 silly mapToRegistry   scope: null,
13 silly mapToRegistry   escapedName: 'angular2',
13 silly mapToRegistry   name: 'angular2',
13 silly mapToRegistry   rawSpec: '',
13 silly mapToRegistry   spec: 'latest',
13 silly mapToRegistry   type: 'tag' }
14 silly mapToRegistry uri https://registry.npmjs.org/angular2
15 verbose request uri https://registry.npmjs.org/angular2
16 verbose request no auth needed
17 info attempt registry request try #1 at 5:16:24 PM
18 verbose request id 78bec269f1b0d1bb
19 verbose etag W/"59937e9d-1bbce"
20 verbose lastModified Tue, 15 Aug 2017 23:07:09 GMT
21 http request GET https://registry.npmjs.org/angular2
22 http 304 https://registry.npmjs.org/angular2
23 verbose headers { date: 'Tue, 17 Oct 2017 00:16:24 GMT',
23 verbose headers   via: '1.1 varnish',
23 verbose headers   'cache-control': 'max-age=300',
23 verbose headers   etag: 'W/"59937e9d-1bbce"',
23 verbose headers   age: '202',
23 verbose headers   connection: 'keep-alive',
23 verbose headers   'x-served-by': 'cache-lax8634-LAX',
23 verbose headers   'x-cache': 'HIT',
23 verbose headers   'x-cache-hits': '1',
23 verbose headers   'x-timer': 'S1508199384.257403,VS0,VE0',
23 verbose headers   vary: 'Accept-Encoding, Accept' }
24 silly get cb [ 304,
24 silly get   { date: 'Tue, 17 Oct 2017 00:16:24 GMT',
24 silly get     via: '1.1 varnish',
24 silly get     'cache-control': 'max-age=300',
24 silly get     etag: 'W/"59937e9d-1bbce"',
24 silly get     age: '202',
24 silly get     connection: 'keep-alive',
24 silly get     'x-served-by': 'cache-lax8634-LAX',
24 silly get     'x-cache': 'HIT',
24 silly get     'x-cache-hits': '1',
24 silly get     'x-timer': 'S1508199384.257403,VS0,VE0',
24 silly get     vary: 'Accept-Encoding, Accept' } ]
25 verbose etag https://registry.npmjs.org/angular2 from cache
26 verbose get saving angular2 to /Users/AdrianaDavila/.npm/registry.npmjs.org/angular2/.cache.json
27 verbose correctMkdir /Users/AdrianaDavila/.npm correctMkdir not in flight; initializing
28 silly install normalizeTree
29 silly loadCurrentTree Finishing
30 silly loadIdealTree Starting
31 silly install loadIdealTree
32 silly cloneCurrentTree Starting
33 silly install cloneCurrentTreeToIdealTree
34 silly cloneCurrentTree Finishing
35 silly loadShrinkwrap Starting
36 silly install loadShrinkwrap
37 silly loadShrinkwrap Finishing
38 silly loadAllDepsIntoIdealTree Starting
39 silly install loadAllDepsIntoIdealTree
40 silly resolveWithNewModule angular2@2.0.0-beta.21 checking installable status
41 silly cache add args [ 'angular2', null ]
42 verbose cache add spec angular2
43 silly cache add parsed spec Result {
43 silly cache add   raw: 'angular2',
43 silly cache add   scope: null,
43 silly cache add   escapedName: 'angular2',
43 silly cache add   name: 'angular2',
43 silly cache add   rawSpec: '',
43 silly cache add   spec: 'latest',
43 silly cache add   type: 'tag' }
44 silly addNamed angular2@latest
45 verbose addNamed "latest" is being treated as a dist-tag for angular2
46 info addNameTag [ 'angular2', 'latest' ]
47 silly mapToRegistry name angular2
48 silly mapToRegistry using default registry
49 silly mapToRegistry registry https://registry.npmjs.org/
50 silly mapToRegistry data Result {
50 silly mapToRegistry   raw: 'angular2',
50 silly mapToRegistry   scope: null,
50 silly mapToRegistry   escapedName: 'angular2',
50 silly mapToRegistry   name: 'angular2',
50 silly mapToRegistry   rawSpec: '',
50 silly mapToRegistry   spec: 'latest',
50 silly mapToRegistry   type: 'tag' }
51 silly mapToRegistry uri https://registry.npmjs.org/angular2
52 verbose addNameTag registry:https://registry.npmjs.org/angular2 not in flight; fetching
53 verbose get https://registry.npmjs.org/angular2 not expired, no request
54 silly addNameTag next cb for angular2 with tag latest
55 silly addNamed angular2@2.0.0-beta.21
56 verbose addNamed "2.0.0-beta.21" is a plain semver version for angular2
57 warn deprecated angular2@2.0.0-beta.21: This version of Angular has been deprecated. Use @angular/core instead.
58 silly mapToRegistry name angular2
59 silly mapToRegistry using default registry
60 silly mapToRegistry registry https://registry.npmjs.org/
61 silly mapToRegistry data Result {
61 silly mapToRegistry   raw: 'angular2',
61 silly mapToRegistry   scope: null,
61 silly mapToRegistry   escapedName: 'angular2',
61 silly mapToRegistry   name: 'angular2',
61 silly mapToRegistry   rawSpec: '',
61 silly mapToRegistry   spec: 'latest',
61 silly mapToRegistry   type: 'tag' }
62 silly mapToRegistry uri https://registry.npmjs.org/angular2
63 verbose addRemoteTarball https://registry.npmjs.org/angular2/-/angular2-2.0.0-beta.21.tgz not in flight; adding
64 verbose addRemoteTarball [ 'https://registry.npmjs.org/angular2/-/angular2-2.0.0-beta.21.tgz',
64 verbose addRemoteTarball   '78643e590641526a2596dcd1d5cca3a5509ed76d' ]
65 info retry fetch attempt 1 at 5:16:24 PM
66 info attempt registry request try #1 at 5:16:24 PM
67 http fetch GET https://registry.npmjs.org/angular2/-/angular2-2.0.0-beta.21.tgz
68 http fetch 200 https://registry.npmjs.org/angular2/-/angular2-2.0.0-beta.21.tgz
69 silly fetchAndShaCheck shasum 78643e590641526a2596dcd1d5cca3a5509ed76d
70 verbose addTmpTarball /var/folders/cm/9wrzr4n95171vd4q6fxwk4pr0000gn/T/npm-76998-50e33cf1/registry.npmjs.org/angular2/-/angular2-2.0.0-beta.21.tgz not in flight; adding
71 verbose addTmpTarball already have metadata; skipping unpack for angular2@2.0.0-beta.21
72 verbose correctMkdir /Users/AdrianaDavila/.npm correctMkdir not in flight; initializing
73 silly cache afterAdd angular2@2.0.0-beta.21
74 verbose afterAdd /Users/AdrianaDavila/.npm/angular2/2.0.0-beta.21/package/package.json not in flight; writing
75 verbose correctMkdir /Users/AdrianaDavila/.npm correctMkdir not in flight; initializing
76 verbose afterAdd /Users/AdrianaDavila/.npm/angular2/2.0.0-beta.21/package/package.json written
77 silly loadAllDepsIntoIdealTree Finishing
78 silly loadIdealTree Finishing
79 silly currentTree AdrianaDavila
79 silly currentTree ├── accepts@1.3.3
79 silly currentTree ├── angular-material@0.10.1
79 silly currentTree ├─┬ ansi-align@2.0.0
79 silly currentTree │ ├── ansi-regex@3.0.0
79 silly currentTree │ ├── is-fullwidth-code-point@2.0.0
79 silly currentTree │ ├── string-width@2.1.1
79 silly currentTree │ └── strip-ansi@4.0.0
79 silly currentTree ├── ansi-escapes@1.4.0
79 silly currentTree ├── ansi-regex@2.1.1
79 silly currentTree ├── ansi-styles@2.2.1
79 silly currentTree ├── argparse@1.0.9
79 silly currentTree ├── array-find-index@1.0.2
79 silly currentTree ├── array-flatten@1.1.1
79 silly currentTree ├── array-union@1.0.2
79 silly currentTree ├── array-uniq@1.0.3
79 silly currentTree ├── arrify@1.0.1
79 silly currentTree ├── babel-code-frame@6.22.0
79 silly currentTree ├── babel-messages@6.23.0
79 silly currentTree ├── babel-runtime@6.25.0
79 silly currentTree ├── babel-traverse@6.25.0
79 silly currentTree ├── babel-types@6.25.0
79 silly currentTree ├── babylon@6.17.4
79 silly currentTree ├── balanced-match@1.0.0
79 silly currentTree ├── base64url@2.0.0
79 silly currentTree ├─┬ body-parser@1.16.0
79 silly currentTree │ ├── debug@2.6.0
79 silly currentTree │ └── qs@6.2.1
79 silly currentTree ├── boom@2.10.1
79 silly currentTree ├── bower@1.8.0
79 silly currentTree ├─┬ boxen@1.2.1
79 silly currentTree │ ├── ansi-regex@3.0.0
79 silly currentTree │ ├── ansi-styles@3.2.0
79 silly currentTree │ ├── camelcase@4.1.0
79 silly currentTree │ ├── chalk@2.1.0
79 silly currentTree │ ├── is-fullwidth-code-point@2.0.0
79 silly currentTree │ ├── string-width@2.1.1
79 silly currentTree │ ├── strip-ansi@4.0.0
79 silly currentTree │ └── supports-color@4.2.1
79 silly currentTree ├── brace-expansion@1.1.8
79 silly currentTree ├── bson@1.0.4
79 silly currentTree ├── buffer-equal-constant-time@1.0.1
79 silly currentTree ├── buffer-shims@1.0.0
79 silly currentTree ├── builtin-modules@1.1.1
79 silly currentTree ├── bytes@2.4.0
79 silly currentTree ├── callsite-record@3.2.2
79 silly currentTree ├── callsite@1.0.0
79 silly currentTree ├─┬ camelcase-keys@2.1.0
79 silly currentTree │ └── camelcase@2.1.1
79 silly currentTree ├── camelcase@3.0.0
79 silly currentTree ├── capture-stack-trace@1.0.0
79 silly currentTree ├── chalk@1.1.3
79 silly currentTree ├── ci-info@1.0.0
79 silly currentTree ├── cli-boxes@1.0.0
79 silly currentTree ├── cli-cursor@1.0.2
79 silly currentTree ├── cli-spinners@0.1.2
79 silly currentTree ├── cli-width@2.1.0
79 silly currentTree ├── cliui@3.2.0
79 silly currentTree ├── co@4.6.0
79 silly currentTree ├── code-point-at@1.1.0
79 silly currentTree ├── color-convert@1.9.0
79 silly currentTree ├── color-name@1.1.3
79 silly currentTree ├── concat-map@0.0.1
79 silly currentTree ├── configstore@3.1.1
79 silly currentTree ├── content-disposition@0.5.1
79 silly currentTree ├── content-type@1.0.2
79 silly currentTree ├── cookie-signature@1.0.6
79 silly currentTree ├── cookie@0.1.5
79 silly currentTree ├── core-js@2.5.0
79 silly currentTree ├── core-util-is@1.0.2
79 silly currentTree ├── create-error-class@3.0.2
79 silly currentTree ├── cross-spawn-async@2.2.5
79 silly currentTree ├── cross-spawn@5.1.0
79 silly currentTree ├── crypto-random-string@1.0.0
79 silly currentTree ├── currently-unhandled@0.4.1
79 silly currentTree ├─┬ debug@2.2.0
79 silly currentTree │ └── ms@0.7.1
79 silly currentTree ├── decamelize@1.2.0
79 silly currentTree ├── deep-extend@0.4.2
79 silly currentTree ├── depcheck@0.6.7
79 silly currentTree ├── depd@1.1.0
79 silly currentTree ├── deprecate@1.0.0
79 silly currentTree ├── deps-regex@0.1.4
79 silly currentTree ├── destroy@1.0.4
79 silly currentTree ├── dot-prop@4.2.0
79 silly currentTree ├── duplexer3@0.1.4
79 silly currentTree ├── ecdsa-sig-formatter@1.0.9
79 silly currentTree ├── ee-first@1.1.1
79 silly currentTree ├── encodeurl@1.0.1
79 silly currentTree ├── error-ex@1.3.1
79 silly currentTree ├── error-stack-parser@1.3.6
79 silly currentTree ├── es6-promise@3.2.1
79 silly currentTree ├── escape-html@1.0.3
79 silly currentTree ├── escape-string-regexp@1.0.5
79 silly currentTree ├── esprima@4.0.0
79 silly currentTree ├── esutils@2.0.2
79 silly currentTree ├── etag@1.7.0
79 silly currentTree ├── execa@0.2.2
79 silly currentTree ├── exit-hook@1.1.1
79 silly currentTree ├─┬ express@4.14.0
79 silly currentTree │ └── cookie@0.3.1
79 silly currentTree ├── figures@1.7.0
79 silly currentTree ├── finalhandler@0.5.0
79 silly currentTree ├── find-up@1.1.2
79 silly currentTree ├── forwarded@0.1.0
79 silly currentTree ├── fresh@0.3.0
79 silly currentTree ├── get-caller-file@1.0.2
79 silly currentTree ├── get-stdin@4.0.1
79 silly currentTree ├── get-stream@3.0.0
79 silly currentTree ├── giturl@1.0.0
79 silly currentTree ├── glob@6.0.4
79 silly currentTree ├── global-modules@0.2.3
79 silly currentTree ├── global-prefix@0.1.5
79 silly currentTree ├── globals@9.18.0
79 silly currentTree ├── globby@4.1.0
79 silly currentTree ├── got@6.7.1
79 silly currentTree ├── graceful-fs@4.1.11
79 silly currentTree ├── hapi-auth-jwt2@4.9.0
79 silly currentTree ├─┬ hapi@8.8.1
79 silly currentTree │ ├── accept@1.0.0
79 silly currentTree │ ├── ammo@1.0.0
79 silly currentTree │ ├── boom@2.7.2
79 silly currentTree │ ├── call@2.0.1
79 silly currentTree │ ├── catbox-memory@1.1.1
79 silly currentTree │ ├── catbox@4.3.0
79 silly currentTree │ ├── cryptiles@2.0.4
79 silly currentTree │ ├─┬ h2o2@4.0.1
79 silly currentTree │ │ └── wreck@5.6.1
79 silly currentTree │ ├─┬ heavy@3.0.0
79 silly currentTree │ │ └── joi@5.1.0
79 silly currentTree │ ├── hoek@2.14.0
79 silly currentTree │ ├─┬ inert@2.1.6
79 silly currentTree │ │ └── lru-cache@2.6.5
79 silly currentTree │ ├── iron@2.1.2
79 silly currentTree │ ├── items@1.1.0
79 silly currentTree │ ├─┬ joi@6.4.1
79 silly currentTree │ │ ├── isemail@1.1.1
79 silly currentTree │ │ └── moment@2.10.3
79 silly currentTree │ ├── kilt@1.1.1
79 silly currentTree │ ├─┬ mimos@2.0.2
79 silly currentTree │ │ └── mime-db@1.14.0
79 silly currentTree │ ├── peekaboo@1.0.0
79 silly currentTree │ ├── qs@4.0.0
79 silly currentTree │ ├── shot@1.5.3
79 silly currentTree │ ├── statehood@2.1.1
79 silly currentTree │ ├─┬ subtext@1.1.1
79 silly currentTree │ │ ├── content@1.0.1
79 silly currentTree │ │ └─┬ pez@1.0.0
79 silly currentTree │ │   ├── b64@2.0.0
79 silly currentTree │ │   └─┬ nigel@1.0.1
79 silly currentTree │ │     └── vise@1.0.0
79 silly currentTree │ ├── topo@1.0.3
79 silly currentTree │ ├── vision@2.0.1
79 silly currentTree │ └── wreck@6.0.0
79 silly currentTree ├── has-ansi@2.0.0
79 silly currentTree ├── has-flag@2.0.0
79 silly currentTree ├── highlight-es@1.0.1
79 silly currentTree ├── hoek@2.16.3
79 silly currentTree ├── homedir-polyfill@1.0.1
79 silly currentTree ├── hosted-git-info@2.5.0
79 silly currentTree ├── http-errors@1.5.1
79 silly currentTree ├── iconv-lite@0.4.15
79 silly currentTree ├── import-lazy@2.1.0
79 silly currentTree ├── imurmurhash@0.1.4
79 silly currentTree ├── indent-string@2.1.0
79 silly currentTree ├── inflight@1.0.6
79 silly currentTree ├── inherits@2.0.3
79 silly currentTree ├── ini@1.3.4
79 silly currentTree ├── inquirer@0.12.0
79 silly currentTree ├── invariant@2.2.2
79 silly currentTree ├── invert-kv@1.0.0
79 silly currentTree ├── ipaddr.js@1.2.0
79 silly currentTree ├── is-arrayish@0.2.1
79 silly currentTree ├── is-builtin-module@1.0.0
79 silly currentTree ├── is-ci@1.0.10
79 silly currentTree ├── is-es2016-keyword@1.0.0
79 silly currentTree ├── is-finite@1.0.2
79 silly currentTree ├── is-fullwidth-code-point@1.0.0
79 silly currentTree ├── is-npm@1.0.0
79 silly currentTree ├── is-obj@1.0.1
79 silly currentTree ├── is-plain-obj@1.1.0
79 silly currentTree ├── is-redirect@1.0.0
79 silly currentTree ├── is-retry-allowed@1.1.0
79 silly currentTree ├── is-stream@1.1.0
79 silly currentTree ├── is-utf8@0.2.1
79 silly currentTree ├── is-windows@0.2.0
79 silly currentTree ├── isarray@1.0.0
79 silly currentTree ├── isemail@1.2.0
79 silly currentTree ├── isexe@2.0.0
79 silly currentTree ├── js-tokens@3.0.2
79 silly currentTree ├── js-yaml@3.9.1
79 silly currentTree ├── jsonwebtoken@5.7.0
79 silly currentTree ├── jwa@1.1.5
79 silly currentTree ├── jws@3.1.4
79 silly currentTree ├── latest-version@3.1.0
79 silly currentTree ├── lcid@1.0.0
79 silly currentTree ├── load-json-file@1.1.0
79 silly currentTree ├── lodash.toarray@4.4.0
79 silly currentTree ├── lodash@4.17.4
79 silly currentTree ├── loose-envify@1.3.1
79 silly currentTree ├── loud-rejection@1.6.0
79 silly currentTree ├── lowercase-keys@1.0.0
79 silly currentTree ├── lru-cache@4.1.1
79 silly currentTree ├── make-dir@1.0.0
79 silly currentTree ├── map-obj@1.0.1
79 silly currentTree ├── media-typer@0.3.0
79 silly currentTree ├── meow@3.7.0
79 silly currentTree ├── merge-descriptors@1.0.1
79 silly currentTree ├── merge-options@0.0.64
79 silly currentTree ├── methods@1.1.2
79 silly currentTree ├── mime-db@1.26.0
79 silly currentTree ├── mime-types@2.1.14
79 silly currentTree ├── mime@1.3.4
79 silly currentTree ├── minimatch@3.0.4
79 silly currentTree ├── minimist@1.2.0
79 silly currentTree ├── moment@2.17.1
79 silly currentTree ├── mongodb-core@2.1.6
79 silly currentTree ├── mongodb@2.2.21
79 silly currentTree ├── ms@0.7.2
79 silly currentTree ├── mute-stream@0.0.5
79 silly currentTree ├── negotiator@0.6.1
79 silly currentTree ├── node-emoji@1.8.1
79 silly currentTree ├── normalize-package-data@2.4.0
79 silly currentTree ├── npm-check@5.4.5
79 silly currentTree ├── npm-run-path@1.0.0
79 silly currentTree ├── number-is-nan@1.0.1
79 silly currentTree ├── object-assign@4.1.1
79 silly currentTree ├── on-finished@2.3.0
79 silly currentTree ├── once@1.4.0
79 silly currentTree ├── onetime@1.1.0
79 silly currentTree ├── ora@0.2.3
79 silly currentTree ├── os-locale@1.4.0
79 silly currentTree ├── p-finally@1.0.0
79 silly currentTree ├── package-json@4.0.1
79 silly currentTree ├── parse-json@2.2.0
79 silly currentTree ├── parse-passwd@1.0.0
79 silly currentTree ├── parseurl@1.3.1
79 silly currentTree ├── path-exists@2.1.0
79 silly currentTree ├── path-is-absolute@1.0.1
79 silly currentTree ├── path-key@1.0.0
79 silly currentTree ├── path-to-regexp@0.1.7
79 silly currentTree ├── path-type@1.1.0
79 silly currentTree ├── pify@2.3.0
79 silly currentTree ├── pinkie-promise@2.0.1
79 silly currentTree ├── pinkie@2.0.4
79 silly currentTree ├── pkg-dir@1.0.0
79 silly currentTree ├── prepend-http@1.0.4
79 silly currentTree ├── process-nextick-args@1.0.7
79 silly currentTree ├── proxy-addr@1.1.3
79 silly currentTree ├── pseudomap@1.0.2
79 silly currentTree ├── qs@6.2.0
79 silly currentTree ├── range-parser@1.2.0
79 silly currentTree ├── raw-body@2.2.0
79 silly currentTree ├── rc@1.2.1
79 silly currentTree ├── read-pkg-up@1.0.1
79 silly currentTree ├── read-pkg@1.1.0
79 silly currentTree ├── readable-stream@2.1.5
79 silly currentTree ├── readline2@1.0.1
79 silly currentTree ├── redent@1.0.0
79 silly currentTree ├── regenerator-runtime@0.10.5
79 silly currentTree ├── registry-auth-token@3.3.1
79 silly currentTree ├── registry-url@3.1.0
79 silly currentTree ├── repeating@2.0.1
79 silly currentTree ├── require_optional@1.0.0
79 silly currentTree ├── require-directory@2.1.1
79 silly currentTree ├── require-main-filename@1.0.1
79 silly currentTree ├── require-package-name@2.0.1
79 silly currentTree ├── resolve-from@2.0.0
79 silly currentTree ├── restore-cursor@1.0.1
79 silly currentTree ├── run-async@0.1.0
79 silly currentTree ├── rx-lite@3.1.2
79 silly currentTree ├── safe-buffer@5.0.1
79 silly currentTree ├── semver-diff@2.1.0
79 silly currentTree ├── semver@5.3.0
79 silly currentTree ├─┬ send@0.14.1
79 silly currentTree │ └── ms@0.7.1
79 silly currentTree ├── serve-static@1.11.1
79 silly currentTree ├── set-blocking@2.0.0
79 silly currentTree ├── setprototypeof@1.0.2
79 silly currentTree ├── shebang-command@1.2.0
79 silly currentTree ├── shebang-regex@1.0.0
79 silly currentTree ├── signal-exit@3.0.2
79 silly currentTree ├── slide@1.1.6
79 silly currentTree ├── spdx-correct@1.0.2
79 silly currentTree ├── spdx-expression-parse@1.0.4
79 silly currentTree ├── spdx-license-ids@1.2.2
79 silly currentTree ├── sprintf-js@1.0.3
79 silly currentTree ├── stackframe@0.3.1
79 silly currentTree ├── statuses@1.3.1
79 silly currentTree ├── string_decoder@0.10.31
79 silly currentTree ├── string-width@1.0.2
79 silly currentTree ├── strip-ansi@3.0.1
79 silly currentTree ├── strip-bom@2.0.0
79 silly currentTree ├── strip-eof@1.0.0
79 silly currentTree ├── strip-indent@1.0.1
79 silly currentTree ├── strip-json-comments@2.0.1
79 silly currentTree ├── supports-color@2.0.0
79 silly currentTree ├─┬ term-size@1.2.0
79 silly currentTree │ ├── execa@0.7.0
79 silly currentTree │ ├── npm-run-path@2.0.2
79 silly currentTree │ └── path-key@2.0.1
79 silly currentTree ├── text-table@0.2.0
79 silly currentTree ├── throat@2.0.2
79 silly currentTree ├── through@2.3.8
79 silly currentTree ├── timed-out@4.0.1
79 silly currentTree ├── to-fast-properties@1.0.3
79 silly currentTree ├── trim-newlines@1.0.0
79 silly currentTree ├── type-is@1.6.14
79 silly currentTree ├── umask@1.1.0
79 silly currentTree ├── unique-string@1.0.0
79 silly currentTree ├── unpipe@1.0.0
79 silly currentTree ├── unzip-response@2.0.1
79 silly currentTree ├── update-notifier@2.2.0
79 silly currentTree ├── url-parse-lax@1.0.0
79 silly currentTree ├── util-deprecate@1.0.2
79 silly currentTree ├── utils-merge@1.0.0
79 silly currentTree ├── validate-npm-package-license@3.0.1
79 silly currentTree ├── vary@1.1.0
79 silly currentTree ├── walkdir@0.0.11
79 silly currentTree ├── which-module@1.0.0
79 silly currentTree ├── which@1.3.0
79 silly currentTree ├── widest-line@1.0.0
79 silly currentTree ├── wrap-ansi@2.1.0
79 silly currentTree ├── wrappy@1.0.2
79 silly currentTree ├── write-file-atomic@2.1.0
79 silly currentTree ├── xdg-basedir@3.0.0
79 silly currentTree ├── xtend@4.0.1
79 silly currentTree ├── y18n@3.2.1
79 silly currentTree ├── yallist@2.1.2
79 silly currentTree ├── yargs-parser@4.2.1
79 silly currentTree └── yargs@6.6.0
80 silly idealTree AdrianaDavila
80 silly idealTree ├── accepts@1.3.3
80 silly idealTree ├── angular-material@0.10.1
80 silly idealTree ├── angular2@2.0.0-beta.21
80 silly idealTree ├─┬ ansi-align@2.0.0
80 silly idealTree │ ├── ansi-regex@3.0.0
80 silly idealTree │ ├── is-fullwidth-code-point@2.0.0
80 silly idealTree │ ├── string-width@2.1.1
80 silly idealTree │ └── strip-ansi@4.0.0
80 silly idealTree ├── ansi-escapes@1.4.0
80 silly idealTree ├── ansi-regex@2.1.1
80 silly idealTree ├── ansi-styles@2.2.1
80 silly idealTree ├── argparse@1.0.9
80 silly idealTree ├── array-find-index@1.0.2
80 silly idealTree ├── array-flatten@1.1.1
80 silly idealTree ├── array-union@1.0.2
80 silly idealTree ├── array-uniq@1.0.3
80 silly idealTree ├── arrify@1.0.1
80 silly idealTree ├── babel-code-frame@6.22.0
80 silly idealTree ├── babel-messages@6.23.0
80 silly idealTree ├── babel-runtime@6.25.0
80 silly idealTree ├── babel-traverse@6.25.0
80 silly idealTree ├── babel-types@6.25.0
80 silly idealTree ├── babylon@6.17.4
80 silly idealTree ├── balanced-match@1.0.0
80 silly idealTree ├── base64url@2.0.0
80 silly idealTree ├─┬ body-parser@1.16.0
80 silly idealTree │ ├── debug@2.6.0
80 silly idealTree │ └── qs@6.2.1
80 silly idealTree ├── boom@2.10.1
80 silly idealTree ├── bower@1.8.0
80 silly idealTree ├─┬ boxen@1.2.1
80 silly idealTree │ ├── ansi-regex@3.0.0
80 silly idealTree │ ├── ansi-styles@3.2.0
80 silly idealTree │ ├── camelcase@4.1.0
80 silly idealTree │ ├── chalk@2.1.0
80 silly idealTree │ ├── is-fullwidth-code-point@2.0.0
80 silly idealTree │ ├── string-width@2.1.1
80 silly idealTree │ ├── strip-ansi@4.0.0
80 silly idealTree │ └── supports-color@4.2.1
80 silly idealTree ├── brace-expansion@1.1.8
80 silly idealTree ├── bson@1.0.4
80 silly idealTree ├── buffer-equal-constant-time@1.0.1
80 silly idealTree ├── buffer-shims@1.0.0
80 silly idealTree ├── builtin-modules@1.1.1
80 silly idealTree ├── bytes@2.4.0
80 silly idealTree ├── callsite-record@3.2.2
80 silly idealTree ├── callsite@1.0.0
80 silly idealTree ├─┬ camelcase-keys@2.1.0
80 silly idealTree │ └── camelcase@2.1.1
80 silly idealTree ├── camelcase@3.0.0
80 silly idealTree ├── capture-stack-trace@1.0.0
80 silly idealTree ├── chalk@1.1.3
80 silly idealTree ├── ci-info@1.0.0
80 silly idealTree ├── cli-boxes@1.0.0
80 silly idealTree ├── cli-cursor@1.0.2
80 silly idealTree ├── cli-spinners@0.1.2
80 silly idealTree ├── cli-width@2.1.0
80 silly idealTree ├── cliui@3.2.0
80 silly idealTree ├── co@4.6.0
80 silly idealTree ├── code-point-at@1.1.0
80 silly idealTree ├── color-convert@1.9.0
80 silly idealTree ├── color-name@1.1.3
80 silly idealTree ├── concat-map@0.0.1
80 silly idealTree ├── configstore@3.1.1
80 silly idealTree ├── content-disposition@0.5.1
80 silly idealTree ├── content-type@1.0.2
80 silly idealTree ├── cookie-signature@1.0.6
80 silly idealTree ├── cookie@0.1.5
80 silly idealTree ├── core-js@2.5.0
80 silly idealTree ├── core-util-is@1.0.2
80 silly idealTree ├── create-error-class@3.0.2
80 silly idealTree ├── cross-spawn-async@2.2.5
80 silly idealTree ├── cross-spawn@5.1.0
80 silly idealTree ├── crypto-random-string@1.0.0
80 silly idealTree ├── currently-unhandled@0.4.1
80 silly idealTree ├─┬ debug@2.2.0
80 silly idealTree │ └── ms@0.7.1
80 silly idealTree ├── decamelize@1.2.0
80 silly idealTree ├── deep-extend@0.4.2
80 silly idealTree ├── depcheck@0.6.7
80 silly idealTree ├── depd@1.1.0
80 silly idealTree ├── deprecate@1.0.0
80 silly idealTree ├── deps-regex@0.1.4
80 silly idealTree ├── destroy@1.0.4
80 silly idealTree ├── dot-prop@4.2.0
80 silly idealTree ├── duplexer3@0.1.4
80 silly idealTree ├── ecdsa-sig-formatter@1.0.9
80 silly idealTree ├── ee-first@1.1.1
80 silly idealTree ├── encodeurl@1.0.1
80 silly idealTree ├── error-ex@1.3.1
80 silly idealTree ├── error-stack-parser@1.3.6
80 silly idealTree ├── es6-promise@3.2.1
80 silly idealTree ├── escape-html@1.0.3
80 silly idealTree ├── escape-string-regexp@1.0.5
80 silly idealTree ├── esprima@4.0.0
80 silly idealTree ├── esutils@2.0.2
80 silly idealTree ├── etag@1.7.0
80 silly idealTree ├── execa@0.2.2
80 silly idealTree ├── exit-hook@1.1.1
80 silly idealTree ├─┬ express@4.14.0
80 silly idealTree │ └── cookie@0.3.1
80 silly idealTree ├── figures@1.7.0
80 silly idealTree ├── finalhandler@0.5.0
80 silly idealTree ├── find-up@1.1.2
80 silly idealTree ├── forwarded@0.1.0
80 silly idealTree ├── fresh@0.3.0
80 silly idealTree ├── get-caller-file@1.0.2
80 silly idealTree ├── get-stdin@4.0.1
80 silly idealTree ├── get-stream@3.0.0
80 silly idealTree ├── giturl@1.0.0
80 silly idealTree ├── glob@6.0.4
80 silly idealTree ├── global-modules@0.2.3
80 silly idealTree ├── global-prefix@0.1.5
80 silly idealTree ├── globals@9.18.0
80 silly idealTree ├── globby@4.1.0
80 silly idealTree ├── got@6.7.1
80 silly idealTree ├── graceful-fs@4.1.11
80 silly idealTree ├── hapi-auth-jwt2@4.9.0
80 silly idealTree ├─┬ hapi@8.8.1
80 silly idealTree │ ├── accept@1.0.0
80 silly idealTree │ ├── ammo@1.0.0
80 silly idealTree │ ├── boom@2.7.2
80 silly idealTree │ ├── call@2.0.1
80 silly idealTree │ ├── catbox-memory@1.1.1
80 silly idealTree │ ├── catbox@4.3.0
80 silly idealTree │ ├── cryptiles@2.0.4
80 silly idealTree │ ├─┬ h2o2@4.0.1
80 silly idealTree │ │ └── wreck@5.6.1
80 silly idealTree │ ├─┬ heavy@3.0.0
80 silly idealTree │ │ └── joi@5.1.0
80 silly idealTree │ ├── hoek@2.14.0
80 silly idealTree │ ├─┬ inert@2.1.6
80 silly idealTree │ │ └── lru-cache@2.6.5
80 silly idealTree │ ├── iron@2.1.2
80 silly idealTree │ ├── items@1.1.0
80 silly idealTree │ ├─┬ joi@6.4.1
80 silly idealTree │ │ ├── isemail@1.1.1
80 silly idealTree │ │ └── moment@2.10.3
80 silly idealTree │ ├── kilt@1.1.1
80 silly idealTree │ ├─┬ mimos@2.0.2
80 silly idealTree │ │ └── mime-db@1.14.0
80 silly idealTree │ ├── peekaboo@1.0.0
80 silly idealTree │ ├── qs@4.0.0
80 silly idealTree │ ├── shot@1.5.3
80 silly idealTree │ ├── statehood@2.1.1
80 silly idealTree │ ├─┬ subtext@1.1.1
80 silly idealTree │ │ ├── content@1.0.1
80 silly idealTree │ │ └─┬ pez@1.0.0
80 silly idealTree │ │   ├── b64@2.0.0
80 silly idealTree │ │   └─┬ nigel@1.0.1
80 silly idealTree │ │     └── vise@1.0.0
80 silly idealTree │ ├── topo@1.0.3
80 silly idealTree │ ├── vision@2.0.1
80 silly idealTree │ └── wreck@6.0.0
80 silly idealTree ├── has-ansi@2.0.0
80 silly idealTree ├── has-flag@2.0.0
80 silly idealTree ├── highlight-es@1.0.1
80 silly idealTree ├── hoek@2.16.3
80 silly idealTree ├── homedir-polyfill@1.0.1
80 silly idealTree ├── hosted-git-info@2.5.0
80 silly idealTree ├── http-errors@1.5.1
80 silly idealTree ├── iconv-lite@0.4.15
80 silly idealTree ├── import-lazy@2.1.0
80 silly idealTree ├── imurmurhash@0.1.4
80 silly idealTree ├── indent-string@2.1.0
80 silly idealTree ├── inflight@1.0.6
80 silly idealTree ├── inherits@2.0.3
80 silly idealTree ├── ini@1.3.4
80 silly idealTree ├── inquirer@0.12.0
80 silly idealTree ├── invariant@2.2.2
80 silly idealTree ├── invert-kv@1.0.0
80 silly idealTree ├── ipaddr.js@1.2.0
80 silly idealTree ├── is-arrayish@0.2.1
80 silly idealTree ├── is-builtin-module@1.0.0
80 silly idealTree ├── is-ci@1.0.10
80 silly idealTree ├── is-es2016-keyword@1.0.0
80 silly idealTree ├── is-finite@1.0.2
80 silly idealTree ├── is-fullwidth-code-point@1.0.0
80 silly idealTree ├── is-npm@1.0.0
80 silly idealTree ├── is-obj@1.0.1
80 silly idealTree ├── is-plain-obj@1.1.0
80 silly idealTree ├── is-redirect@1.0.0
80 silly idealTree ├── is-retry-allowed@1.1.0
80 silly idealTree ├── is-stream@1.1.0
80 silly idealTree ├── is-utf8@0.2.1
80 silly idealTree ├── is-windows@0.2.0
80 silly idealTree ├── isarray@1.0.0
80 silly idealTree ├── isemail@1.2.0
80 silly idealTree ├── isexe@2.0.0
80 silly idealTree ├── js-tokens@3.0.2
80 silly idealTree ├── js-yaml@3.9.1
80 silly idealTree ├── jsonwebtoken@5.7.0
80 silly idealTree ├── jwa@1.1.5
80 silly idealTree ├── jws@3.1.4
80 silly idealTree ├── latest-version@3.1.0
80 silly idealTree ├── lcid@1.0.0
80 silly idealTree ├── load-json-file@1.1.0
80 silly idealTree ├── lodash.toarray@4.4.0
80 silly idealTree ├── lodash@4.17.4
80 silly idealTree ├── loose-envify@1.3.1
80 silly idealTree ├── loud-rejection@1.6.0
80 silly idealTree ├── lowercase-keys@1.0.0
80 silly idealTree ├── lru-cache@4.1.1
80 silly idealTree ├── make-dir@1.0.0
80 silly idealTree ├── map-obj@1.0.1
80 silly idealTree ├── media-typer@0.3.0
80 silly idealTree ├── meow@3.7.0
80 silly idealTree ├── merge-descriptors@1.0.1
80 silly idealTree ├── merge-options@0.0.64
80 silly idealTree ├── methods@1.1.2
80 silly idealTree ├── mime-db@1.26.0
80 silly idealTree ├── mime-types@2.1.14
80 silly idealTree ├── mime@1.3.4
80 silly idealTree ├── minimatch@3.0.4
80 silly idealTree ├── minimist@1.2.0
80 silly idealTree ├── moment@2.17.1
80 silly idealTree ├── mongodb-core@2.1.6
80 silly idealTree ├── mongodb@2.2.21
80 silly idealTree ├── ms@0.7.2
80 silly idealTree ├── mute-stream@0.0.5
80 silly idealTree ├── negotiator@0.6.1
80 silly idealTree ├── node-emoji@1.8.1
80 silly idealTree ├── normalize-package-data@2.4.0
80 silly idealTree ├── npm-check@5.4.5
80 silly idealTree ├── npm-run-path@1.0.0
80 silly idealTree ├── number-is-nan@1.0.1
80 silly idealTree ├── object-assign@4.1.1
80 silly idealTree ├── on-finished@2.3.0
80 silly idealTree ├── once@1.4.0
80 silly idealTree ├── onetime@1.1.0
80 silly idealTree ├── ora@0.2.3
80 silly idealTree ├── os-locale@1.4.0
80 silly idealTree ├── p-finally@1.0.0
80 silly idealTree ├── package-json@4.0.1
80 silly idealTree ├── parse-json@2.2.0
80 silly idealTree ├── parse-passwd@1.0.0
80 silly idealTree ├── parseurl@1.3.1
80 silly idealTree ├── path-exists@2.1.0
80 silly idealTree ├── path-is-absolute@1.0.1
80 silly idealTree ├── path-key@1.0.0
80 silly idealTree ├── path-to-regexp@0.1.7
80 silly idealTree ├── path-type@1.1.0
80 silly idealTree ├── pify@2.3.0
80 silly idealTree ├── pinkie-promise@2.0.1
80 silly idealTree ├── pinkie@2.0.4
80 silly idealTree ├── pkg-dir@1.0.0
80 silly idealTree ├── prepend-http@1.0.4
80 silly idealTree ├── process-nextick-args@1.0.7
80 silly idealTree ├── proxy-addr@1.1.3
80 silly idealTree ├── pseudomap@1.0.2
80 silly idealTree ├── qs@6.2.0
80 silly idealTree ├── range-parser@1.2.0
80 silly idealTree ├── raw-body@2.2.0
80 silly idealTree ├── rc@1.2.1
80 silly idealTree ├── read-pkg-up@1.0.1
80 silly idealTree ├── read-pkg@1.1.0
80 silly idealTree ├── readable-stream@2.1.5
80 silly idealTree ├── readline2@1.0.1
80 silly idealTree ├── redent@1.0.0
80 silly idealTree ├── regenerator-runtime@0.10.5
80 silly idealTree ├── registry-auth-token@3.3.1
80 silly idealTree ├── registry-url@3.1.0
80 silly idealTree ├── repeating@2.0.1
80 silly idealTree ├── require_optional@1.0.0
80 silly idealTree ├── require-directory@2.1.1
80 silly idealTree ├── require-main-filename@1.0.1
80 silly idealTree ├── require-package-name@2.0.1
80 silly idealTree ├── resolve-from@2.0.0
80 silly idealTree ├── restore-cursor@1.0.1
80 silly idealTree ├── run-async@0.1.0
80 silly idealTree ├── rx-lite@3.1.2
80 silly idealTree ├── safe-buffer@5.0.1
80 silly idealTree ├── semver-diff@2.1.0
80 silly idealTree ├── semver@5.3.0
80 silly idealTree ├─┬ send@0.14.1
80 silly idealTree │ └── ms@0.7.1
80 silly idealTree ├── serve-static@1.11.1
80 silly idealTree ├── set-blocking@2.0.0
80 silly idealTree ├── setprototypeof@1.0.2
80 silly idealTree ├── shebang-command@1.2.0
80 silly idealTree ├── shebang-regex@1.0.0
80 silly idealTree ├── signal-exit@3.0.2
80 silly idealTree ├── slide@1.1.6
80 silly idealTree ├── spdx-correct@1.0.2
80 silly idealTree ├── spdx-expression-parse@1.0.4
80 silly idealTree ├── spdx-license-ids@1.2.2
80 silly idealTree ├── sprintf-js@1.0.3
80 silly idealTree ├── stackframe@0.3.1
80 silly idealTree ├── statuses@1.3.1
80 silly idealTree ├── string_decoder@0.10.31
80 silly idealTree ├── string-width@1.0.2
80 silly idealTree ├── strip-ansi@3.0.1
80 silly idealTree ├── strip-bom@2.0.0
80 silly idealTree ├── strip-eof@1.0.0
80 silly idealTree ├── strip-indent@1.0.1
80 silly idealTree ├── strip-json-comments@2.0.1
80 silly idealTree ├── supports-color@2.0.0
80 silly idealTree ├─┬ term-size@1.2.0
80 silly idealTree │ ├── execa@0.7.0
80 silly idealTree │ ├── npm-run-path@2.0.2
80 silly idealTree │ └── path-key@2.0.1
80 silly idealTree ├── text-table@0.2.0
80 silly idealTree ├── throat@2.0.2
80 silly idealTree ├── through@2.3.8
80 silly idealTree ├── timed-out@4.0.1
80 silly idealTree ├── to-fast-properties@1.0.3
80 silly idealTree ├── trim-newlines@1.0.0
80 silly idealTree ├── type-is@1.6.14
80 silly idealTree ├── umask@1.1.0
80 silly idealTree ├── unique-string@1.0.0
80 silly idealTree ├── unpipe@1.0.0
80 silly idealTree ├── unzip-response@2.0.1
80 silly idealTree ├── update-notifier@2.2.0
80 silly idealTree ├── url-parse-lax@1.0.0
80 silly idealTree ├── util-deprecate@1.0.2
80 silly idealTree ├── utils-merge@1.0.0
80 silly idealTree ├── validate-npm-package-license@3.0.1
80 silly idealTree ├── vary@1.1.0
80 silly idealTree ├── walkdir@0.0.11
80 silly idealTree ├── which-module@1.0.0
80 silly idealTree ├── which@1.3.0
80 silly idealTree ├── widest-line@1.0.0
80 silly idealTree ├── wrap-ansi@2.1.0
80 silly idealTree ├── wrappy@1.0.2
80 silly idealTree ├── write-file-atomic@2.1.0
80 silly idealTree ├── xdg-basedir@3.0.0
80 silly idealTree ├── xtend@4.0.1
80 silly idealTree ├── y18n@3.2.1
80 silly idealTree ├── yallist@2.1.2
80 silly idealTree ├── yargs-parser@4.2.1
80 silly idealTree └── yargs@6.6.0
81 silly generateActionsToTake Starting
82 silly install generateActionsToTake
83 warn checkPermissions Missing write access to /Users/AdrianaDavila/node_modules
84 silly rollbackFailedOptional Starting
85 silly rollbackFailedOptional Finishing
86 silly runTopLevelLifecycles Finishing
87 silly install printInstalled
88 warn enoent ENOENT: no such file or directory, open '/Users/AdrianaDavila/package.json'
89 verbose enoent ENOENT: no such file or directory, open '/Users/AdrianaDavila/package.json'
89 verbose enoent This is most likely not a problem with npm itself
89 verbose enoent and is related to npm not being able to find a file.
90 warn angular-material@0.10.1 requires a peer of angular@^1.3.15 || >1.4.0-beta.0 but none was installed.
91 verbose If you need help, you may report this error at:
91 verbose     <https://github.com/npm/npm/issues>
92 warn angular-material@0.10.1 requires a peer of angular-animate@^1.3.15 || >1.4.0-beta.0 but none was installed.
93 verbose If you need help, you may report this error at:
93 verbose     <https://github.com/npm/npm/issues>
94 warn angular-material@0.10.1 requires a peer of angular-aria@^1.3.15 || >1.4.0-beta.0 but none was installed.
95 verbose If you need help, you may report this error at:
95 verbose     <https://github.com/npm/npm/issues>
96 warn angular2@2.0.0-beta.21 requires a peer of es6-shim@^0.35.0 but none was installed.
97 verbose If you need help, you may report this error at:
97 verbose     <https://github.com/npm/npm/issues>
98 warn angular2@2.0.0-beta.21 requires a peer of reflect-metadata@0.1.2 but none was installed.
99 verbose If you need help, you may report this error at:
99 verbose     <https://github.com/npm/npm/issues>
100 warn angular2@2.0.0-beta.21 requires a peer of rxjs@5.0.0-beta.6 but none was installed.
101 verbose If you need help, you may report this error at:
101 verbose     <https://github.com/npm/npm/issues>
102 warn angular2@2.0.0-beta.21 requires a peer of zone.js@^0.6.12 but none was installed.
103 verbose If you need help, you may report this error at:
103 verbose     <https://github.com/npm/npm/issues>
104 warn AdrianaDavila No description
105 verbose If you need help, you may report this error at:
105 verbose     <https://github.com/npm/npm/issues>
106 warn AdrianaDavila No repository field.
107 verbose If you need help, you may report this error at:
107 verbose     <https://github.com/npm/npm/issues>
108 warn AdrianaDavila No README data
109 verbose If you need help, you may report this error at:
109 verbose     <https://github.com/npm/npm/issues>
110 warn AdrianaDavila No license field.
111 verbose If you need help, you may report this error at:
111 verbose     <https://github.com/npm/npm/issues>
112 verbose stack Error: EACCES: permission denied, access '/Users/AdrianaDavila/node_modules'
112 verbose stack     at Error (native)
113 verbose cwd /Users/AdrianaDavila/Desktop/FALL17/felix-class/student-fullstack-app
114 error Darwin 16.4.0
115 error argv "/usr/local/bin/node" "/usr/local/bin/npm" "install" "angular2"
116 error node v6.10.2
117 error npm  v3.10.10
118 error path /Users/AdrianaDavila/node_modules
119 error code EACCES
120 error errno -13
121 error syscall access
122 error Error: EACCES: permission denied, access '/Users/AdrianaDavila/node_modules'
122 error     at Error (native)
122 error  { Error: EACCES: permission denied, access '/Users/AdrianaDavila/node_modules'
122 error     at Error (native)
122 error   errno: -13,
122 error   code: 'EACCES',
122 error   syscall: 'access',
122 error   path: '/Users/AdrianaDavila/node_modules' }
123 error Please try running this command again as root/Administrator.
124 verbose exit [ -13, true ]
